<?xml version="1.0" encoding="UTF-8"?>
<testsuites name="bun test" tests="6" assertions="13" failures="0" skipped="0" time="0.2610253">
  <testsuite name="tests\webhook.integration.test.js" file="tests\webhook.integration.test.js" tests="3" assertions="7" failures="0" skipped="0" time="0.047" hostname="">
    <testcase name="Responds 200 and &apos;Received!&apos; for ping event" classname="" time="0.047" file="tests\webhook.integration.test.js" line="13" assertions="3" />
    <testcase name="Skips when AI tag is present" classname="" time="0" file="tests\webhook.integration.test.js" line="23" assertions="1" />
    <testcase name="Handles non-PR events" classname="" time="0" file="tests\webhook.integration.test.js" line="35" assertions="3" />
  </testsuite>
  <testsuite name="tests\webhook.unit.test.js" file="tests\webhook.unit.test.js" tests="3" assertions="6" failures="0" skipped="0" time="0.015" hostname="">
    <testcase name="Generates AI summary when pull_request opened" classname="" time="0.015" file="tests\webhook.unit.test.js" line="42" assertions="4" />
    <testcase name="Skips other PR actions" classname="" time="0" file="tests\webhook.unit.test.js" line="58" assertions="1" />
    <testcase name="Handles Gemini API error gracefully" classname="" time="0" file="tests\webhook.unit.test.js" line="70" assertions="1" />
  </testsuite>
</testsuites>
